{"level":"info","message":"Get all users"}
{"level":"info","message":"Updating user"}
{"level":"info","message":"Get all users"}
{"level":"info","message":"Updating user"}
{"level":"info","message":"Get all users"}
{"level":"info","message":"Get all users"}
{"level":"info","message":"Get all users"}
{"level":"info","message":"Get all HelpTickets"}
{"level":"info","message":"Get all HelpTickets"}
{"level":"info","message":"Get a HelpTickets Content"}
{"level":"info","message":"Deleting HelpTicket %s"}
{"level":"info","message":"Get all HelpTickets"}
{"level":"info","message":"Get all HelpTickets"}
{"level":"info","message":"Get a HelpTickets Content"}
{"level":"info","message":"Deleting HelpTicket %s"}
{"level":"info","message":"Get all HelpTickets"}
{"level":"info","message":"Get all users"}
{"level":"info","message":"Get all HelpTickets"}
{"level":"info","message":"Get all HelpTickets"}
{"level":"info","message":"Get a HelpTickets Content"}
{"level":"info","message":"Deleting HelpTicket %s"}
{"level":"info","message":"Get all HelpTickets"}
{"level":"info","message":"Get all HelpTickets"}
